<?xml version="1.0" encoding="UTF-8"?>
<!-- Generated by org.testng.reporters.JUnitReportReporter -->
<testsuite hostname="LAPTOP-668BP5IR" failures="0" tests="1" name="com.kts.tests.SignUpTest" time="10.160" errors="0" timestamp="2023-02-14T12:36:32 IST" skipped="0">
  <testcase classname="com.kts.tests.SignUpTest" name="signUp" time="10.160"/>
  <system-out/>
</testsuite> <!-- com.kts.tests.SignUpTest -->
