<?xml version="1.0" encoding="UTF-8"?>
<!-- Generated by org.testng.reporters.JUnitReportReporter -->
<testsuite hostname="LAPTOP-668BP5IR" failures="0" tests="1" name="com.kts.tests.LoginLogoutTest" time="14.187" errors="0" timestamp="2023-02-14T12:31:00 IST" skipped="0">
  <testcase classname="com.kts.tests.LoginLogoutTest" name="loginLogoutTest" time="14.187"/>
  <system-out/>
</testsuite> <!-- com.kts.tests.LoginLogoutTest -->
